2018-2-11 17:40:01:newdatainsert
gakkai:未定(2017年度),seminar:未定,kaisaibi:0,last_date:2018-02-11 17:40:01,sys_stat:0,status:進行中,narabi:30000,nendo:2017,
2018-2-11 17:44:35:newdatainsert
gakkai:未定(2017年度),seminar:未定,kaisaibi:0,last_date:2018-02-11 17:44:35,sys_stat:0,status:進行中,narabi:30000,nendo:2017,
2018-2-11 17:47:02:newdatainsert
gakkai:未定(2017年度),seminar:未定,kaisaibi:0,last_date:2018-02-11 17:47:02,sys_stat:0,status:進行中,narabi:30000,nendo:2017,
2018-2-11 17:47:52:newdatainsert
gakkai:未定(2017年度),seminar:未定,kaisaibi:0,last_date:2018-02-11 17:47:52,sys_stat:0,status:進行中,narabi:30000,nendo:2017,
2018-2-11 17:52:10:newdatainsert
gakkai:未定(2018年度),seminar:未定,kaisaibi:0,last_date:2018-02-11 17:52:10,sys_stat:0,status:進行中,narabi:30000,nendo:2018,
2018-2-11 17:57:29:newdatainsert
gakkai:未定(2018年度),seminar:未定,kaisaibi:0,last_date:2018-02-11 17:57:29,sys_stat:0,status:進行中,narabi:30000,nendo:2018,
2018-2-11 17:59:53:newdatainsert
gakkai:未定(2018年度),seminar:未定,kaisaibi:0,last_date:2018-02-11 17:59:53,sys_stat:0,status:進行中,narabi:30000,nendo:2018,
2018-2-11 18:08:13:newdatainsert
gakkai:未定(2018年度),seminar:未定,kaisaibi:0,last_date:2018-02-11 18:08:13,sys_stat:0,status:進行中,narabi:30000,nendo:2018,
2018-7-31 18:49:07:basic_zaen
last_date:2018-07-30 20:32:00,gakkai:【アムジェン主管】日本慢性疾患重症化予防学会　Ｊ−ＭＡＰサマーセミナー,kaisaibi:18/08/01,kaisaiji:,hinmoku:RPA,nendo:2018,seminar:未定,ryoiki:,kaiki:2018/08,place:,tokkijiko:,syukan:,syukan2:,zaseki:,yobi2:,thema:,chair1:,cyaku1:,zacs_id1:17899,chair2:,cyaku2:,zacs_id2:17900,chair3:,cyaku3:,zacs_id3:17901,enshaname1:,enshayaku1:,endai1:,encs_id1:17902,enshaname2:,enshayaku2:,endai2:,encs_id2:17903,enshaname3:,enshayaku3:,endai3:,encs_id3:17904,enshaname4:,enshayaku4:,endai4:,encs_id4:17905,enshaname5:,enshayaku5:,endai5:,encs_id5:17906,enshaname6:,enshayaku6:,endai6:,encs_id6:17907,enshaname7:,enshayaku7:,endai7:,encs_id7:17908,enshaname8:,enshayaku8:,endai8:,encs_id8:17909,sekinin:,soshiki:,cltantou:,hotel:,yobi1:,yobi4:,anquete_make:,cl1:,status:進行中,amail:,annai2:,tirasi1:,tirasi2:,tirasi3:,mousi_k:,yoko:,yakuketsu:,seminar_mousi:,mousi_c:,syoroku_seigen:,syoroku_url:,hikae_k:,hikae_t:,hikae_a:,syoroku:,tojitu:,sizai_order:,yakubun2:,bento:,sizaisu:,sizaino:,cl2:,report:,nyujosha:,an_kaisyu:,cl3:aa,annai2_yotei:18/10/1,yakuketsu_yote:18/10/2,hikae_a_yotei:18/10/3,
2018-7-31 18:52:20:basic_zaen
last_date:2018-07-30 20:32:00,gakkai:【アムジェン主管】日本慢性疾患重症化予防学会　Ｊ−ＭＡＰサマーセミナー,kaisaibi:18/08/02,kaisaiji:,hinmoku:RPA,nendo:2018,seminar:未定,ryoiki:,kaiki:2018/08,place:,tokkijiko:,syukan:,syukan2:,zaseki:,yobi2:,thema:,chair1:,cyaku1:,zacs_id1:17899,chair2:,cyaku2:,zacs_id2:17900,chair3:,cyaku3:,zacs_id3:17901,enshaname1:,enshayaku1:,endai1:,encs_id1:17902,enshaname2:,enshayaku2:,endai2:,encs_id2:17903,enshaname3:,enshayaku3:,endai3:,encs_id3:17904,enshaname4:,enshayaku4:,endai4:,encs_id4:17905,enshaname5:,enshayaku5:,endai5:,encs_id5:17906,enshaname6:,enshayaku6:,endai6:,encs_id6:17907,enshaname7:,enshayaku7:,endai7:,encs_id7:17908,enshaname8:,enshayaku8:,endai8:,encs_id8:17909,sekinin:,soshiki:,cltantou:,hotel:,yobi1:,yobi4:,anquete_make:,cl1:,status:進行中,amail:,annai2:,tirasi1:,tirasi2:,tirasi3:,mousi_k:,yoko:,yakuketsu:,seminar_mousi:,mousi_c:,syoroku_seigen:,syoroku_url:,hikae_k:,hikae_t:,hikae_a:,syoroku:,tojitu:,sizai_order:,yakubun2:,bento:,sizaisu:,sizaino:,cl2:,report:,nyujosha:,an_kaisyu:,cl3:aa,annai2_yotei:18/10/1,yakuketsu_yote:18/10/2,hikae_a_yotei:2018-11-10,
2018-7-31 18:56:09:basic_zaen
last_date:2018-05-20 13:10:31,gakkai:大腸癌内視鏡学会(2018年度),kaisaibi:18/05/31(木),kaisaiji:,hinmoku:,nendo:2018,seminar:ランチョンセミナー,ryoiki:,kaiki:,place:,tokkijiko:,syukan:,syukan2:,zaseki:,yobi2:,thema:,chair1:,cyaku1:,zacs_id1:1,chair2:,cyaku2:,zacs_id2:2,chair3:,cyaku3:,zacs_id3:3,enshaname1:,enshayaku1:,endai1:,encs_id1:4,enshaname2:,enshayaku2:,endai2:,encs_id2:5,enshaname3:,enshayaku3:,endai3:,encs_id3:6,enshaname4:,enshayaku4:,endai4:,encs_id4:7,enshaname5:,enshayaku5:,endai5:,encs_id5:8,enshaname6:,enshayaku6:,endai6:,encs_id6:9,enshaname7:,enshayaku7:,endai7:,encs_id7:10,enshaname8:,enshayaku8:,endai8:,encs_id8:11,sekinin:,soshiki:,cltantou:,hotel:,yobi1:,yobi4:,anquete_make:,cl1:,status:進行中,amail:,annai2:,tirasi1:,tirasi2:,tirasi3:,mousi_k:,yoko:18/07/10,yakuketsu:,seminar_mousi:,mousi_c:,syoroku_seigen:,syoroku_url:,hikae_k:,hikae_t:,hikae_a:,syoroku:,tojitu:,sizai_order:,yakubun2:,bento:,sizaisu:,sizaino:,cl2:,report:,nyujosha:,an_kaisyu:,cl3:,annai2_yotei:18/10/1,yakuketsu_yote:18/10/2,hikae_a_yotei:2018-09-08,
2018-7-31 18:58:50:basic_zaen
last_date:2018-05-20 13:10:31,gakkai:大腸癌内視鏡学会(2018年度),kaisaibi:18/05/31,kaisaiji:,hinmoku:,nendo:2018,seminar:ランチョンセミナー,ryoiki:,kaiki:,place:,tokkijiko:,syukan:,syukan2:,zaseki:,yobi2:,thema:,chair1:,cyaku1:,zacs_id1:1,chair2:,cyaku2:,zacs_id2:2,chair3:,cyaku3:,zacs_id3:3,enshaname1:,enshayaku1:,endai1:,encs_id1:4,enshaname2:,enshayaku2:,endai2:,encs_id2:5,enshaname3:,enshayaku3:,endai3:,encs_id3:6,enshaname4:,enshayaku4:,endai4:,encs_id4:7,enshaname5:,enshayaku5:,endai5:,encs_id5:8,enshaname6:,enshayaku6:,endai6:,encs_id6:9,enshaname7:,enshayaku7:,endai7:,encs_id7:10,enshaname8:,enshayaku8:,endai8:,encs_id8:11,sekinin:,soshiki:,cltantou:,hotel:,yobi1:,yobi4:,anquete_make:,cl1:,status:進行中,amail:,annai2:,tirasi1:,tirasi2:,tirasi3:,mousi_k:,yoko:18/07/10,yakuketsu:,seminar_mousi:,mousi_c:,syoroku_seigen:,syoroku_url:,hikae_k:,hikae_t:,hikae_a:,syoroku:,tojitu:,sizai_order:,yakubun2:,bento:,sizaisu:,sizaino:,cl2:,report:,nyujosha:,an_kaisyu:,cl3:,annai2_yotei:18/10/1,yakuketsu_yote:18/10/2,hikae_a_yotei:2018-09-08,
2018-7-31 19:31:48:basic_zaen
last_date:2018-05-20 13:10:31,gakkai:大腸癌内視鏡学会(2018年度),kaisaibi:18/05/31(木),kaisaiji:,hinmoku:,nendo:2018,seminar:ランチョンセミナー,ryoiki:,kaiki:,place:,tokkijiko:,syukan:,syukan2:,zaseki:,yobi2:,thema:,chair1:,cyaku1:,zacs_id1:1,chair2:,cyaku2:,zacs_id2:2,chair3:,cyaku3:,zacs_id3:3,enshaname1:,enshayaku1:,endai1:,encs_id1:4,enshaname2:,enshayaku2:,endai2:,encs_id2:5,enshaname3:,enshayaku3:,endai3:,encs_id3:6,enshaname4:,enshayaku4:,endai4:,encs_id4:7,enshaname5:,enshayaku5:,endai5:,encs_id5:8,enshaname6:,enshayaku6:,endai6:,encs_id6:9,enshaname7:,enshayaku7:,endai7:,encs_id7:10,enshaname8:,enshayaku8:,endai8:,encs_id8:11,sekinin:,soshiki:,cltantou:,hotel:,yobi1:,yobi4:,anquete_make:,cl1:,status:進行中,amail:,annai2:,tirasi1:,tirasi2:,tirasi3:,mousi_k:,yoko:18/07/10,yakuketsu:,seminar_mousi:,mousi_c:,syoroku_seigen:,syoroku_url:,hikae_k:,hikae_t:,hikae_a:,syoroku:,tojitu:,sizai_order:,yakubun2:,bento:,sizaisu:,sizaino:,cl2:,report:,nyujosha:,an_kaisyu:,cl3:,annai2_yotei:18/10/1,yakuketsu_yote:18/10/2,hikae_a_yotei:2018-09-08,
